{"C:\\Users\\saran\\Downloads\\election mentor\\frontend\\src\\firebase.js": {"path":"C:\\Users\\saran\\Downloads\\election mentor\\frontend\\src\\firebase.js","statementMap":{"0":{"start":{"line":21,"column":23},"end":{"line":29,"column":null}},"1":{"start":{"line":32,"column":10},"end":{"line":32,"column":null}},"2":{"start":{"line":35,"column":16},"end":{"line":35,"column":null}},"3":{"start":{"line":38,"column":18},"end":{"line":38,"column":null}},"4":{"start":{"line":45,"column":28},"end":{"line":60,"column":null}},"5":{"start":{"line":46,"column":2},"end":{"line":60,"column":null}},"6":{"start":{"line":47,"column":4},"end":{"line":47,"column":null}},"7":{"start":{"line":50,"column":31},"end":{"line":50,"column":59}},"8":{"start":{"line":51,"column":4},"end":{"line":53,"column":null}},"9":{"start":{"line":52,"column":6},"end":{"line":52,"column":null}},"10":{"start":{"line":53,"column":6},"end":{"line":53,"column":null}},"11":{"start":{"line":57,"column":4},"end":{"line":57,"column":null}},"12":{"start":{"line":58,"column":4},"end":{"line":58,"column":null}},"13":{"start":{"line":60,"column":4},"end":{"line":60,"column":null}},"14":{"start":{"line":74,"column":13},"end":{"line":83,"column":null}},"15":{"start":{"line":75,"column":2},"end":{"line":83,"column":null}},"16":{"start":{"line":76,"column":4},"end":{"line":83,"column":null}},"17":{"start":{"line":77,"column":6},"end":{"line":81,"column":null}},"18":{"start":{"line":83,"column":6},"end":{"line":83,"column":null}},"19":{"start":{"line":92,"column":13},"end":{"line":93,"column":null}},"20":{"start":{"line":93,"column":2},"end":{"line":93,"column":null}},"21":{"start":{"line":102,"column":13},"end":{"line":109,"column":null}},"22":{"start":{"line":103,"column":2},"end":{"line":109,"column":null}},"23":{"start":{"line":117,"column":13},"end":{"line":118,"column":null}},"24":{"start":{"line":118,"column":2},"end":{"line":118,"column":null}},"25":{"start":{"line":126,"column":13},"end":{"line":127,"column":null}},"26":{"start":{"line":127,"column":2},"end":{"line":127,"column":null}},"27":{"start":{"line":134,"column":13},"end":{"line":135,"column":null}},"28":{"start":{"line":135,"column":2},"end":{"line":135,"column":null}},"29":{"start":{"line":143,"column":13},"end":{"line":144,"column":null}},"30":{"start":{"line":144,"column":2},"end":{"line":144,"column":null}}},"fnMap":{"0":{"name":"(anonymous_0)","decl":{"start":{"line":45,"column":28},"end":{"line":45,"column":40}},"loc":{"start":{"line":45,"column":40},"end":{"line":60,"column":null}},"line":45},"1":{"name":"(anonymous_1)","decl":{"start":{"line":74,"column":13},"end":{"line":74,"column":27}},"loc":{"start":{"line":74,"column":54},"end":{"line":83,"column":null}},"line":74},"2":{"name":"(anonymous_2)","decl":{"start":{"line":92,"column":13},"end":{"line":92,"column":30}},"loc":{"start":{"line":92,"column":42},"end":{"line":93,"column":null}},"line":92},"3":{"name":"(anonymous_3)","decl":{"start":{"line":102,"column":13},"end":{"line":102,"column":34}},"loc":{"start":{"line":102,"column":61},"end":{"line":109,"column":null}},"line":102},"4":{"name":"(anonymous_4)","decl":{"start":{"line":117,"column":13},"end":{"line":117,"column":36}},"loc":{"start":{"line":117,"column":57},"end":{"line":118,"column":null}},"line":117},"5":{"name":"(anonymous_5)","decl":{"start":{"line":126,"column":13},"end":{"line":126,"column":37}},"loc":{"start":{"line":126,"column":64},"end":{"line":127,"column":null}},"line":126},"6":{"name":"(anonymous_6)","decl":{"start":{"line":134,"column":13},"end":{"line":134,"column":34}},"loc":{"start":{"line":134,"column":43},"end":{"line":135,"column":null}},"line":134},"7":{"name":"(anonymous_7)","decl":{"start":{"line":143,"column":13},"end":{"line":143,"column":33}},"loc":{"start":{"line":143,"column":59},"end":{"line":144,"column":null}},"line":143}},"branchMap":{"0":{"loc":{"start":{"line":51,"column":4},"end":{"line":53,"column":null}},"type":"if","locations":[{"start":{"line":51,"column":4},"end":{"line":53,"column":null}},{"start":{},"end":{}}],"line":51},"1":{"loc":{"start":{"line":74,"column":38},"end":{"line":74,"column":49}},"type":"default-arg","locations":[{"start":{"line":74,"column":47},"end":{"line":74,"column":49}}],"line":74},"2":{"loc":{"start":{"line":75,"column":2},"end":{"line":83,"column":null}},"type":"if","locations":[{"start":{"line":75,"column":2},"end":{"line":83,"column":null}},{"start":{},"end":{}}],"line":75},"3":{"loc":{"start":{"line":108,"column":11},"end":{"line":108,"column":null}},"type":"cond-expr","locations":[{"start":{"line":108,"column":29},"end":{"line":108,"column":41}},{"start":{"line":108,"column":41},"end":{"line":108,"column":null}}],"line":108},"4":{"loc":{"start":{"line":108,"column":41},"end":{"line":108,"column":null}},"type":"cond-expr","locations":[{"start":{"line":108,"column":64},"end":{"line":108,"column":78}},{"start":{"line":108,"column":78},"end":{"line":108,"column":null}}],"line":108},"5":{"loc":{"start":{"line":108,"column":78},"end":{"line":108,"column":null}},"type":"cond-expr","locations":[{"start":{"line":108,"column":101},"end":{"line":108,"column":110}},{"start":{"line":108,"column":110},"end":{"line":108,"column":null}}],"line":108}},"s":{"0":0,"1":0,"2":0,"3":0,"4":0,"5":0,"6":0,"7":0,"8":0,"9":0,"10":0,"11":0,"12":0,"13":0,"14":0,"15":0,"16":0,"17":0,"18":0,"19":0,"20":0,"21":0,"22":0,"23":0,"24":0,"25":0,"26":0,"27":0,"28":0,"29":0,"30":0},"f":{"0":0,"1":0,"2":0,"3":0,"4":0,"5":0,"6":0,"7":0},"b":{"0":[0,0],"1":[0],"2":[0,0],"3":[0,0],"4":[0,0],"5":[0,0]},"meta":{"lastBranch":6,"lastFunction":8,"lastStatement":31,"seen":{"s:21:23:29:Infinity":0,"s:32:10:32:Infinity":1,"s:35:16:35:Infinity":2,"s:38:18:38:Infinity":3,"s:45:28:60:Infinity":4,"f:45:28:45:40":0,"s:46:2:60:Infinity":5,"s:47:4:47:Infinity":6,"s:50:31:50:59":7,"b:51:4:53:Infinity:undefined:undefined:undefined:undefined":0,"s:51:4:53:Infinity":8,"s:52:6:52:Infinity":9,"s:53:6:53:Infinity":10,"s:57:4:57:Infinity":11,"s:58:4:58:Infinity":12,"s:60:4:60:Infinity":13,"s:74:13:83:Infinity":14,"f:74:13:74:27":1,"b:74:47:74:49":1,"b:75:2:83:Infinity:undefined:undefined:undefined:undefined":2,"s:75:2:83:Infinity":15,"s:76:4:83:Infinity":16,"s:77:6:81:Infinity":17,"s:83:6:83:Infinity":18,"s:92:13:93:Infinity":19,"f:92:13:92:30":2,"s:93:2:93:Infinity":20,"s:102:13:109:Infinity":21,"f:102:13:102:34":3,"s:103:2:109:Infinity":22,"b:108:29:108:41:108:41:108:Infinity":3,"b:108:64:108:78:108:78:108:Infinity":4,"b:108:101:108:110:108:110:108:Infinity":5,"s:117:13:118:Infinity":23,"f:117:13:117:36":4,"s:118:2:118:Infinity":24,"s:126:13:127:Infinity":25,"f:126:13:126:37":5,"s:127:2:127:Infinity":26,"s:134:13:135:Infinity":27,"f:134:13:134:34":6,"s:135:2:135:Infinity":28,"s:143:13:144:Infinity":29,"f:143:13:143:33":7,"s:144:2:144:Infinity":30}}}
,"C:\\Users\\saran\\Downloads\\election mentor\\frontend\\src\\context\\translations.js": {"path":"C:\\Users\\saran\\Downloads\\election mentor\\frontend\\src\\context\\translations.js","statementMap":{"0":{"start":{"line":1,"column":28},"end":{"line":248,"column":null}}},"fnMap":{},"branchMap":{},"s":{"0":1},"f":{},"b":{},"meta":{"lastBranch":0,"lastFunction":0,"lastStatement":1,"seen":{"s:1:28:248:Infinity":0}}}
}
